# JRE version: Java(TM) SE Runtime Environment (8.0_101-b13) (build 1.8.0_101-b13)
# Java VM: Java HotSpot(TM) 64-Bit Server VM (25.101-b13 mixed mode windows-amd64 compressed oops)
Heap:
 PSYoungGen      total 397824K, used 269770K [0x00000000e0000000, 0x0000000100000000, 0x0000000100000000)
  eden space 268800K, 100% used [0x00000000e0000000,0x00000000f0680000,0x00000000f0680000)
  from space 129024K, 0% used [0x00000000f8200000,0x00000000f82f2a48,0x0000000100000000)
  to   space 126464K, 0% used [0x00000000f0680000,0x00000000f0680000,0x00000000f8200000)
 ParOldGen       total 1048576K, used 1048161K [0x00000000a0000000, 0x00000000e0000000, 0x00000000e0000000)
  object space 1048576K, 99% used [0x00000000a0000000,0x00000000dff984c0,0x00000000e0000000)
 Metaspace       used 126031K, capacity 133512K, committed 133760K, reserved 1165312K
  class space    used 16437K, capacity 17968K, committed 18048K, reserved 1048576K
GC Heap History (10 events):
Event: 7911.417 GC heap after
Heap after GC invocations=73 (full 10):
 PSYoungGen      total 384512K, used 11062K [0x00000000e0000000, 0x0000000100000000, 0x0000000100000000)
  eden space 257536K, 0% used [0x00000000e0000000,0x00000000e0000000,0x00000000efb80000)
  from space 126976K, 8% used [0x00000000efb80000,0x00000000f064d8e0,0x00000000f7780000)
  to   space 126464K, 0% used [0x00000000f8480000,0x00000000f8480000,0x0000000100000000)
 ParOldGen       total 1048576K, used 886057K [0x00000000a0000000, 0x00000000e0000000, 0x00000000e0000000)
  object space 1048576K, 84% used [0x00000000a0000000,0x00000000d614a698,0x00000000e0000000)
 Metaspace       used 119907K, capacity 126170K, committed 126336K, reserved 1159168K
  class space    used 15560K, capacity 16931K, committed 17024K, reserved 1048576K
}
Event: 7912.850 GC heap before
{Heap before GC invocations=74 (full 10):
 PSYoungGen      total 384512K, used 268598K [0x00000000e0000000, 0x0000000100000000, 0x0000000100000000)
  eden space 257536K, 100% used [0x00000000e0000000,0x00000000efb80000,0x00000000efb80000)
  from space 126976K, 8% used [0x00000000efb80000,0x00000000f064d8e0,0x00000000f7780000)
  to   space 126464K, 0% used [0x00000000f8480000,0x00000000f8480000,0x0000000100000000)
 ParOldGen       total 1048576K, used 886057K [0x00000000a0000000, 0x00000000e0000000, 0x00000000e0000000)
  object space 1048576K, 84% used [0x00000000a0000000,0x00000000d614a698,0x00000000e0000000)
 Metaspace       used 122628K, capacity 128914K, committed 129280K, reserved 1161216K
  class space    used 15926K, capacity 17303K, committed 17408K, reserved 1048576K
Event: 7912.910 GC heap after
Heap after GC invocations=74 (full 10):
 PSYoungGen      total 394752K, used 66035K [0x00000000e0000000, 0x00000000ffd80000, 0x0000000100000000)
  eden space 270848K, 0% used [0x00000000e0000000,0x00000000e0000000,0x00000000f0880000)
  from space 123904K, 53% used [0x00000000f8480000,0x00000000fc4fcfc8,0x00000000ffd80000)
  to   space 125440K, 0% used [0x00000000f0880000,0x00000000f0880000,0x00000000f8300000)
 ParOldGen       total 1048576K, used 888382K [0x00000000a0000000, 0x00000000e0000000, 0x00000000e0000000)
  object space 1048576K, 84% used [0x00000000a0000000,0x00000000d638fa18,0x00000000e0000000)
 Metaspace       used 122628K, capacity 128914K, committed 129280K, reserved 1161216K
  class space    used 15926K, capacity 17303K, committed 17408K, reserved 1048576K
}
Event: 7914.030 GC heap before
{Heap before GC invocations=75 (full 10):
 PSYoungGen      total 394752K, used 336883K [0x00000000e0000000, 0x00000000ffd80000, 0x0000000100000000)
  eden space 270848K, 100% used [0x00000000e0000000,0x00000000f0880000,0x00000000f0880000)
  from space 123904K, 53% used [0x00000000f8480000,0x00000000fc4fcfc8,0x00000000ffd80000)
  to   space 125440K, 0% used [0x00000000f0880000,0x00000000f0880000,0x00000000f8300000)
 ParOldGen       total 1048576K, used 888382K [0x00000000a0000000, 0x00000000e0000000, 0x00000000e0000000)
  object space 1048576K, 84% used [0x00000000a0000000,0x00000000d638fa18,0x00000000e0000000)
 Metaspace       used 125310K, capacity 131680K, committed 131840K, reserved 1163264K
  class space    used 16278K, capacity 17664K, committed 17664K, reserved 1048576K
Event: 7914.097 GC heap after
Heap after GC invocations=75 (full 10):
 PSYoungGen      total 351744K, used 80420K [0x00000000e0000000, 0x0000000100000000, 0x0000000100000000)
  eden space 270848K, 0% used [0x00000000e0000000,0x00000000e0000000,0x00000000f0880000)
  from space 80896K, 99% used [0x00000000f0880000,0x00000000f5709088,0x00000000f5780000)
  to   space 129024K, 0% used [0x00000000f8200000,0x00000000f8200000,0x0000000100000000)
 ParOldGen       total 1048576K, used 936799K [0x00000000a0000000, 0x00000000e0000000, 0x00000000e0000000)
  object space 1048576K, 89% used [0x00000000a0000000,0x00000000d92d7c40,0x00000000e0000000)
 Metaspace       used 125310K, capacity 131680K, committed 131840K, reserved 1163264K
  class space    used 16278K, capacity 17664K, committed 17664K, reserved 1048576K
}
Event: 7915.640 GC heap before
{Heap before GC invocations=76 (full 10):
 PSYoungGen      total 351744K, used 351268K [0x00000000e0000000, 0x0000000100000000, 0x0000000100000000)
  eden space 270848K, 100% used [0x00000000e0000000,0x00000000f0880000,0x00000000f0880000)
  from space 80896K, 99% used [0x00000000f0880000,0x00000000f5709088,0x00000000f5780000)
  to   space 129024K, 0% used [0x00000000f8200000,0x00000000f8200000,0x0000000100000000)
 ParOldGen       total 1048576K, used 936799K [0x00000000a0000000, 0x00000000e0000000, 0x00000000e0000000)
  object space 1048576K, 89% used [0x00000000a0000000,0x00000000d92d7c40,0x00000000e0000000)
 Metaspace       used 125365K, capacity 131808K, committed 132096K, reserved 1163264K
  class space    used 16278K, capacity 17664K, committed 17664K, reserved 1048576K
Event: 7915.723 GC heap after
Heap after GC invocations=76 (full 10):
 PSYoungGen      total 397824K, used 66142K [0x00000000e0000000, 0x0000000100000000, 0x0000000100000000)
  eden space 268800K, 0% used [0x00000000e0000000,0x00000000e0000000,0x00000000f0680000)
  from space 129024K, 51% used [0x00000000f8200000,0x00000000fc297ba8,0x0000000100000000)
  to   space 126464K, 0% used [0x00000000f0680000,0x00000000f0680000,0x00000000f8200000)
 ParOldGen       total 1048576K, used 1008718K [0x00000000a0000000, 0x00000000e0000000, 0x00000000e0000000)
  object space 1048576K, 96% used [0x00000000a0000000,0x00000000dd913b60,0x00000000e0000000)
 Metaspace       used 125365K, capacity 131808K, committed 132096K, reserved 1163264K
  class space    used 16278K, capacity 17664K, committed 17664K, reserved 1048576K
}
Event: 7915.723 GC heap before
{Heap before GC invocations=77 (full 11):
 PSYoungGen      total 397824K, used 66142K [0x00000000e0000000, 0x0000000100000000, 0x0000000100000000)
  eden space 268800K, 0% used [0x00000000e0000000,0x00000000e0000000,0x00000000f0680000)
  from space 129024K, 51% used [0x00000000f8200000,0x00000000fc297ba8,0x0000000100000000)
  to   space 126464K, 0% used [0x00000000f0680000,0x00000000f0680000,0x00000000f8200000)
 ParOldGen       total 1048576K, used 1008718K [0x00000000a0000000, 0x00000000e0000000, 0x00000000e0000000)
  object space 1048576K, 96% used [0x00000000a0000000,0x00000000dd913b60,0x00000000e0000000)
 Metaspace       used 125365K, capacity 131808K, committed 132096K, reserved 1163264K
  class space    used 16278K, capacity 17664K, committed 17664K, reserved 1048576K
Event: 7918.545 GC heap after
Heap after GC invocations=77 (full 11):
 PSYoungGen      total 397824K, used 970K [0x00000000e0000000, 0x0000000100000000, 0x0000000100000000)
  eden space 268800K, 0% used [0x00000000e0000000,0x00000000e0000000,0x00000000f0680000)
  from space 129024K, 0% used [0x00000000f8200000,0x00000000f82f2a48,0x0000000100000000)
  to   space 126464K, 0% used [0x00000000f0680000,0x00000000f0680000,0x00000000f8200000)
 ParOldGen       total 1048576K, used 1048161K [0x00000000a0000000, 0x00000000e0000000, 0x00000000e0000000)
  object space 1048576K, 99% used [0x00000000a0000000,0x00000000dff984c0,0x00000000e0000000)
 Metaspace       used 125290K, capacity 131688K, committed 132096K, reserved 1163264K
  class space    used 16267K, capacity 17644K, committed 17664K, reserved 1048576K
}
Event: 8681.197 GC heap before
{Heap before GC invocations=78 (full 12):
 PSYoungGen      total 397824K, used 269770K [0x00000000e0000000, 0x0000000100000000, 0x0000000100000000)
  eden space 268800K, 100% used [0x00000000e0000000,0x00000000f0680000,0x00000000f0680000)
  from space 129024K, 0% used [0x00000000f8200000,0x00000000f82f2a48,0x0000000100000000)
  to   space 126464K, 0% used [0x00000000f0680000,0x00000000f0680000,0x00000000f8200000)
 ParOldGen       total 1048576K, used 1048161K [0x00000000a0000000, 0x00000000e0000000, 0x00000000e0000000)
  object space 1048576K, 99% used [0x00000000a0000000,0x00000000dff984c0,0x00000000e0000000)
 Metaspace       used 126031K, capacity 133512K, committed 133760K, reserved 1165312K
  class space    used 16437K, capacity 17968K, committed 18048K, reserved 1048576K

